0 info it worked if it ends with ok
1 verbose cli [ '/Users/NobukazuHanada/.nodebrew/node/v0.10.26/bin/node',
1 verbose cli   '/Users/NobukazuHanada/.nodebrew/current/bin/npm',
1 verbose cli   'publish' ]
2 info using npm@1.4.3
3 info using node@v0.10.26
4 verbose publish [ '.' ]
5 verbose cache add [ '.', null ]
6 verbose cache add name=undefined spec="." args=[".",null]
7 verbose parsed url { protocol: null,
7 verbose parsed url   slashes: null,
7 verbose parsed url   auth: null,
7 verbose parsed url   host: null,
7 verbose parsed url   port: null,
7 verbose parsed url   hostname: null,
7 verbose parsed url   hash: null,
7 verbose parsed url   search: null,
7 verbose parsed url   query: null,
7 verbose parsed url   pathname: '.',
7 verbose parsed url   path: '.',
7 verbose parsed url   href: '.' }
8 silly lockFile 3a52ce78- .
9 verbose lock . /Users/NobukazuHanada/.npm/3a52ce78-.lock
10 verbose tar pack [ '/var/folders/cj/21b1psc11vld4wk7q6twly9h0000gn/T/npm-55780-maq6UVJW/1402893762904-0.6022779040504247/tmp.tgz',
10 verbose tar pack   '.' ]
11 verbose tarball /var/folders/cj/21b1psc11vld4wk7q6twly9h0000gn/T/npm-55780-maq6UVJW/1402893762904-0.6022779040504247/tmp.tgz
12 verbose folder .
13 info prepublish type-checker@0.0.0
14 silly lockFile 1f1177db-tar tar://.
15 verbose lock tar://. /Users/NobukazuHanada/.npm/1f1177db-tar.lock
16 silly lockFile 7202e17f-62904-0-6022779040504247-tmp-tgz tar:///var/folders/cj/21b1psc11vld4wk7q6twly9h0000gn/T/npm-55780-maq6UVJW/1402893762904-0.6022779040504247/tmp.tgz
17 verbose lock tar:///var/folders/cj/21b1psc11vld4wk7q6twly9h0000gn/T/npm-55780-maq6UVJW/1402893762904-0.6022779040504247/tmp.tgz /Users/NobukazuHanada/.npm/7202e17f-62904-0-6022779040504247-tmp-tgz.lock
18 silly lockFile 1f1177db-tar tar://.
19 silly lockFile 1f1177db-tar tar://.
20 silly lockFile 7202e17f-62904-0-6022779040504247-tmp-tgz tar:///var/folders/cj/21b1psc11vld4wk7q6twly9h0000gn/T/npm-55780-maq6UVJW/1402893762904-0.6022779040504247/tmp.tgz
21 silly lockFile 7202e17f-62904-0-6022779040504247-tmp-tgz tar:///var/folders/cj/21b1psc11vld4wk7q6twly9h0000gn/T/npm-55780-maq6UVJW/1402893762904-0.6022779040504247/tmp.tgz
22 verbose tar unpack /var/folders/cj/21b1psc11vld4wk7q6twly9h0000gn/T/npm-55780-maq6UVJW/1402893762904-0.6022779040504247/tmp.tgz
23 silly lockFile dc096c3a-62904-0-6022779040504247-package tar:///var/folders/cj/21b1psc11vld4wk7q6twly9h0000gn/T/npm-55780-maq6UVJW/1402893762904-0.6022779040504247/package
24 verbose lock tar:///var/folders/cj/21b1psc11vld4wk7q6twly9h0000gn/T/npm-55780-maq6UVJW/1402893762904-0.6022779040504247/package /Users/NobukazuHanada/.npm/dc096c3a-62904-0-6022779040504247-package.lock
25 silly lockFile 7202e17f-62904-0-6022779040504247-tmp-tgz tar:///var/folders/cj/21b1psc11vld4wk7q6twly9h0000gn/T/npm-55780-maq6UVJW/1402893762904-0.6022779040504247/tmp.tgz
26 verbose lock tar:///var/folders/cj/21b1psc11vld4wk7q6twly9h0000gn/T/npm-55780-maq6UVJW/1402893762904-0.6022779040504247/tmp.tgz /Users/NobukazuHanada/.npm/7202e17f-62904-0-6022779040504247-tmp-tgz.lock
27 silly gunzTarPerm modes [ '755', '644' ]
28 silly gunzTarPerm extractEntry package.json
29 silly gunzTarPerm extractEntry index.js
30 silly gunzTarPerm extractEntry .tern-port
31 silly gunzTarPerm extractEntry src/typeCheck.js
32 silly gunzTarPerm extractEntry test/checktype-spec.js
33 silly gunzTarPerm extractEntry test/main.js
34 silly lockFile dc096c3a-62904-0-6022779040504247-package tar:///var/folders/cj/21b1psc11vld4wk7q6twly9h0000gn/T/npm-55780-maq6UVJW/1402893762904-0.6022779040504247/package
35 silly lockFile dc096c3a-62904-0-6022779040504247-package tar:///var/folders/cj/21b1psc11vld4wk7q6twly9h0000gn/T/npm-55780-maq6UVJW/1402893762904-0.6022779040504247/package
36 silly lockFile 7202e17f-62904-0-6022779040504247-tmp-tgz tar:///var/folders/cj/21b1psc11vld4wk7q6twly9h0000gn/T/npm-55780-maq6UVJW/1402893762904-0.6022779040504247/tmp.tgz
37 silly lockFile 7202e17f-62904-0-6022779040504247-tmp-tgz tar:///var/folders/cj/21b1psc11vld4wk7q6twly9h0000gn/T/npm-55780-maq6UVJW/1402893762904-0.6022779040504247/tmp.tgz
38 verbose tar pack [ '/Users/NobukazuHanada/.npm/type-checker/0.0.0/package.tgz',
38 verbose tar pack   '/var/folders/cj/21b1psc11vld4wk7q6twly9h0000gn/T/npm-55780-maq6UVJW/1402893762904-0.6022779040504247/package' ]
39 verbose tarball /Users/NobukazuHanada/.npm/type-checker/0.0.0/package.tgz
40 verbose folder /var/folders/cj/21b1psc11vld4wk7q6twly9h0000gn/T/npm-55780-maq6UVJW/1402893762904-0.6022779040504247/package
41 silly lockFile dc096c3a-62904-0-6022779040504247-package tar:///var/folders/cj/21b1psc11vld4wk7q6twly9h0000gn/T/npm-55780-maq6UVJW/1402893762904-0.6022779040504247/package
42 verbose lock tar:///var/folders/cj/21b1psc11vld4wk7q6twly9h0000gn/T/npm-55780-maq6UVJW/1402893762904-0.6022779040504247/package /Users/NobukazuHanada/.npm/dc096c3a-62904-0-6022779040504247-package.lock
43 silly lockFile 31a840b1-m-type-checker-0-0-0-package-tgz tar:///Users/NobukazuHanada/.npm/type-checker/0.0.0/package.tgz
44 verbose lock tar:///Users/NobukazuHanada/.npm/type-checker/0.0.0/package.tgz /Users/NobukazuHanada/.npm/31a840b1-m-type-checker-0-0-0-package-tgz.lock
45 silly lockFile dc096c3a-62904-0-6022779040504247-package tar:///var/folders/cj/21b1psc11vld4wk7q6twly9h0000gn/T/npm-55780-maq6UVJW/1402893762904-0.6022779040504247/package
46 silly lockFile dc096c3a-62904-0-6022779040504247-package tar:///var/folders/cj/21b1psc11vld4wk7q6twly9h0000gn/T/npm-55780-maq6UVJW/1402893762904-0.6022779040504247/package
47 silly lockFile 31a840b1-m-type-checker-0-0-0-package-tgz tar:///Users/NobukazuHanada/.npm/type-checker/0.0.0/package.tgz
48 silly lockFile 31a840b1-m-type-checker-0-0-0-package-tgz tar:///Users/NobukazuHanada/.npm/type-checker/0.0.0/package.tgz
49 silly lockFile 02d0d5f2-a-npm-type-checker-0-0-0-package /Users/NobukazuHanada/.npm/type-checker/0.0.0/package
50 verbose lock /Users/NobukazuHanada/.npm/type-checker/0.0.0/package /Users/NobukazuHanada/.npm/02d0d5f2-a-npm-type-checker-0-0-0-package.lock
51 silly lockFile 02d0d5f2-a-npm-type-checker-0-0-0-package /Users/NobukazuHanada/.npm/type-checker/0.0.0/package
52 silly lockFile 02d0d5f2-a-npm-type-checker-0-0-0-package /Users/NobukazuHanada/.npm/type-checker/0.0.0/package
53 verbose tar unpack /Users/NobukazuHanada/.npm/type-checker/0.0.0/package.tgz
54 silly lockFile 83e1ccfa-a-npm-type-checker-0-0-0-package tar:///Users/NobukazuHanada/.npm/type-checker/0.0.0/package
55 verbose lock tar:///Users/NobukazuHanada/.npm/type-checker/0.0.0/package /Users/NobukazuHanada/.npm/83e1ccfa-a-npm-type-checker-0-0-0-package.lock
56 silly lockFile 31a840b1-m-type-checker-0-0-0-package-tgz tar:///Users/NobukazuHanada/.npm/type-checker/0.0.0/package.tgz
57 verbose lock tar:///Users/NobukazuHanada/.npm/type-checker/0.0.0/package.tgz /Users/NobukazuHanada/.npm/31a840b1-m-type-checker-0-0-0-package-tgz.lock
58 silly gunzTarPerm modes [ '755', '644' ]
59 silly gunzTarPerm extractEntry package.json
60 silly gunzTarPerm extractEntry index.js
61 silly gunzTarPerm extractEntry .tern-port
62 silly gunzTarPerm extractEntry src/typeCheck.js
63 silly gunzTarPerm extractEntry test/checktype-spec.js
64 silly gunzTarPerm extractEntry test/main.js
65 silly lockFile 83e1ccfa-a-npm-type-checker-0-0-0-package tar:///Users/NobukazuHanada/.npm/type-checker/0.0.0/package
66 silly lockFile 83e1ccfa-a-npm-type-checker-0-0-0-package tar:///Users/NobukazuHanada/.npm/type-checker/0.0.0/package
67 silly lockFile 31a840b1-m-type-checker-0-0-0-package-tgz tar:///Users/NobukazuHanada/.npm/type-checker/0.0.0/package.tgz
68 silly lockFile 31a840b1-m-type-checker-0-0-0-package-tgz tar:///Users/NobukazuHanada/.npm/type-checker/0.0.0/package.tgz
69 verbose chmod /Users/NobukazuHanada/.npm/type-checker/0.0.0/package.tgz 644
70 verbose chown /Users/NobukazuHanada/.npm/type-checker/0.0.0/package.tgz [ 501, 20 ]
71 silly lockFile 3a52ce78- .
72 silly lockFile 3a52ce78- .
73 silly publish { name: 'type-checker',
73 silly publish   version: '0.0.0',
73 silly publish   description: '"simple type check tools"',
73 silly publish   main: 'index.js',
73 silly publish   scripts: { test: 'echo "Error: no test specified" && exit 1' },
73 silly publish   repository:
73 silly publish    { type: 'git',
73 silly publish      url: 'http://github.com/NobukazuHanada/type-checker/tree/v0.0.0' },
73 silly publish   author: { name: 'nobkz' },
73 silly publish   dependencies: { chai: '*', mocha: '*' },
73 silly publish   license: 'ISC',
73 silly publish   readme: 'ERROR: No README data found!',
73 silly publish   _id: 'type-checker@0.0.0',
73 silly publish   dist: { shasum: '9d244846d16fe3295d57fe64aabb4472628aa59c' },
73 silly publish   _from: '.' }
74 verbose url raw type-checker
75 verbose url resolving [ 'https://registry.npmjs.org/', './type-checker' ]
76 verbose url resolved https://registry.npmjs.org/type-checker
77 info trying registry request attempt 1 at 13:42:42
78 http PUT https://registry.npmjs.org/type-checker
79 http 403 https://registry.npmjs.org/type-checker
80 error publish Failed PUT 403
81 error Error: forbidden cannot modify pre-existing version: 0.0.0
81 error old={"name":"type-checker","version":"0.0.0","description":"\"simple type chech tools\"","main":"index.js","scripts":{"test":"echo \"Error: no test specified\" && exit 1"},"author":{"name":"nobkz"},"dependencies":{"chai":"*","mocha":"*"},"license":"ISC","_id":"type-checker@0.0.0","dist":{"shasum":"3410e01258eda7c9b6d42c2598a433f577bf0a0d","tarball":"http://registry.npmjs.org/type-checker/-/type-checker-0.0.0.tgz"},"_from":".","_npmVersion":"1.4.3","_npmUser":{"name":"nobkz","email":"tone.nobukazu@gmail.com"},"maintainers":[{"name":"nobkz","email":"tone.nobukazu@gmail.com"}]}
81 error new={"name":"type-checker","version":"0.0.0","description":"\"simple type check tools\"","main":"index.js","scripts":{"test":"echo \"Error: no test specified\" && exit 1"},"repository":{"type":"git","url":"http://github.com/NobukazuHanada/type-checker/tree/v0.0.0"},"author":{"name":"nobkz"},"dependencies":{"chai":"*","mocha":"*"},"license":"ISC","readme":"ERROR: No README data found!","_id":"type-checker@0.0.0","dist":{"shasum":"9d244846d16fe3295d57fe64aabb4472628aa59c","tarball":"http://registry.npmjs.org/type-checker/-/type-checker-0.0.0.tgz"},"_from":".","_npmVersion":"1.4.3","_npmUser":{"name":"nobkz","email":"tone.nobukazu@gmail.com"},"maintainers":[{"name":"nobkz","email":"tone.nobukazu@gmail.com"}]}: type-checker
81 error     at RegClient.<anonymous> (/Users/NobukazuHanada/.nodebrew/node/v0.10.26/lib/node_modules/npm/node_modules/npm-registry-client/lib/request.js:237:14)
81 error     at Request.self.callback (/Users/NobukazuHanada/.nodebrew/node/v0.10.26/lib/node_modules/npm/node_modules/request/request.js:123:22)
81 error     at Request.EventEmitter.emit (events.js:98:17)
81 error     at Request.<anonymous> (/Users/NobukazuHanada/.nodebrew/node/v0.10.26/lib/node_modules/npm/node_modules/request/request.js:893:14)
81 error     at Request.EventEmitter.emit (events.js:117:20)
81 error     at IncomingMessage.<anonymous> (/Users/NobukazuHanada/.nodebrew/node/v0.10.26/lib/node_modules/npm/node_modules/request/request.js:844:12)
81 error     at IncomingMessage.EventEmitter.emit (events.js:117:20)
81 error     at _stream_readable.js:920:16
81 error     at process._tickCallback (node.js:415:13)
82 error If you need help, you may report this *entire* log,
82 error including the npm and node versions, at:
82 error     <http://github.com/npm/npm/issues>
83 error System Darwin 13.2.0
84 error command "/Users/NobukazuHanada/.nodebrew/node/v0.10.26/bin/node" "/Users/NobukazuHanada/.nodebrew/current/bin/npm" "publish"
85 error cwd /Users/NobukazuHanada/type-checker
86 error node -v v0.10.26
87 error npm -v 1.4.3
88 verbose exit [ 1, true ]
